2026-02-04 21:45:23 - qflow - INFO - 正在加载 ASE...
2026-02-04 21:45:24 - qflow - INFO - 正在加载 qflow 模块...
2026-02-04 21:45:24 - qflow - INFO - 正在加载 pymatgen...
2026-02-04 21:45:26 - qflow - INFO - 所有模块加载完成
2026-03-08 13:39:32 - qflow - INFO - 正在加载 ASE...
2026-03-08 13:39:35 - qflow - INFO - 正在加载 qflow 模块...
2026-03-08 13:39:36 - qflow - INFO - 正在加载 pymatgen...
2026-03-08 13:39:44 - qflow - INFO - 所有模块加载完成
2026-03-10 07:33:55 - qflow - INFO - 正在加载 ASE...
2026-03-10 07:33:57 - qflow - INFO - 正在加载 qflow 模块...
2026-03-10 07:33:57 - qflow - INFO - 正在加载 pymatgen...
2026-03-10 07:34:03 - qflow - INFO - 所有模块加载完成
2026-03-13 06:46:55 - qflow - INFO - 正在加载 ASE...
2026-03-13 06:46:56 - qflow - INFO - 正在加载 qflow 模块...
2026-03-13 06:46:57 - qflow - INFO - 正在加载 pymatgen...
2026-03-13 06:47:01 - qflow - INFO - 所有模块加载完成
2026-03-22 14:03:05 - qflow - INFO - 正在加载 ASE...
2026-03-22 14:03:07 - qflow - INFO - 正在加载 qflow 模块...
2026-03-22 14:03:07 - qflow - INFO - 正在加载 pymatgen...
2026-03-22 14:03:14 - qflow - INFO - 所有模块加载完成
2026-03-22 14:06:25 - qflow - INFO - 正在加载 ASE...
2026-03-22 14:06:28 - qflow - INFO - 正在加载 qflow 模块...
2026-03-22 14:06:29 - qflow - INFO - 正在加载 pymatgen...
2026-03-22 14:06:38 - qflow - INFO - 所有模块加载完成
2026-03-22 14:06:51 - qflow - INFO - 正在加载 ASE...
2026-03-22 14:06:52 - qflow - INFO - 正在加载 qflow 模块...
2026-03-22 14:06:53 - qflow - INFO - 正在加载 pymatgen...
2026-03-22 14:06:58 - qflow - INFO - 所有模块加载完成
2026-03-22 14:06:58 - qflow - INFO - 正在初始化 Manager...
2026-03-22 14:06:58 - qflow - INFO - 设置默认最大并发数: 25
2026-03-22 14:06:58 - qflow - INFO - 正在初始化任务数据库...
2026-03-22 14:06:58 - qflow - INFO - Manager 初始化完成
2026-03-22 14:08:45 - qflow - INFO - 正在加载 ASE...
2026-03-22 14:08:48 - qflow - INFO - 正在加载 qflow 模块...
2026-03-22 14:08:48 - qflow - INFO - 正在加载 pymatgen...
2026-03-22 14:08:55 - qflow - INFO - 所有模块加载完成
2026-03-22 14:12:06 - qflow - INFO - 正在加载 ASE...
2026-03-22 14:12:09 - qflow - INFO - 正在加载 qflow 模块...
2026-03-22 14:12:09 - qflow - INFO - 正在加载 pymatgen...
2026-03-22 14:12:18 - qflow - INFO - 所有模块加载完成
2026-03-23 00:53:23 - qflow - INFO - 正在加载 ASE...
2026-03-23 00:53:28 - qflow - INFO - 正在加载 qflow 模块...
2026-03-23 00:53:29 - qflow - INFO - 正在加载 pymatgen...
2026-03-23 00:53:38 - qflow - INFO - 所有模块加载完成
2026-03-23 00:53:38 - qflow - INFO - 正在初始化 Manager...
2026-03-23 00:53:38 - qflow - INFO - 设置默认最大并发数: 25
2026-03-23 00:53:38 - qflow - INFO - 正在初始化任务数据库...
2026-03-23 00:53:38 - qflow - INFO - Manager 初始化完成
